<?xml version="1.0" encoding="UTF-8"?>
<!-- Generated by org.testng.reporters.JUnitXMLReporter -->
<testsuite hostname="DESKTOP-U00JE1A" name="Flipkart Test cases" tests="6" failures="0" timestamp="24 Aug 2020 04:46:02 GMT" time="183.4" errors="0">
  <testcase name="verifyTitleTest" time="0.287" classname="com.flipkart.testcases.LoginPageTest"/>
  <testcase name="verifyHomePageTitleTest" time="0.021" classname="com.flipkart.testcases.HomePageTest"/>
  <testcase name="verifyLogoTest" time="0.597" classname="com.flipkart.testcases.LoginPageTest"/>
  <testcase name="verifySearchProductTest" time="52.012" classname="com.flipkart.testcases.HomePageTest"/>
  <testcase name="verifyLoginTest" time="6.87" classname="com.flipkart.testcases.LoginPageTest"/>
  <testcase name="verifyLogoutTest" time="19.798" classname="com.flipkart.testcases.HomePageTest"/>
</testsuite> <!-- Flipkart Test cases -->
